<?xml version="1.0" encoding="UTF-8"?>
<!-- Generated by org.testng.reporters.JUnitReportReporter -->
<testsuite hostname="DESKTOP-QU276DO" failures="0" tests="1" name="tests.SearchProduct" time="10.356" errors="0" timestamp="2025-09-30T00:02:27 IST" skipped="0">
  <testcase classname="tests.SearchProduct" name="productMethod" time="10.356">
    <system-out>
      <![CDATA[Test Case Passed]]>
    </system-out>
  </testcase> <!-- productMethod -->
  <system-out>
    <![CDATA[Test Case Passed
Test Case Passed
Test Case Passed
Test Case Passed]]>
  </system-out>
</testsuite> <!-- tests.SearchProduct -->
