<?xml version="1.0" encoding="UTF-8"?>
<!-- Generated by org.testng.reporters.JUnitReportReporter -->
<testsuite hostname="DESKTOP-QU276DO" failures="0" tests="1" name="tests.EnterMobile" time="31.172" errors="0" timestamp="2025-10-04T02:35:34 IST" skipped="0">
  <testcase classname="tests.EnterMobile" name="proceedForMobileNo" time="31.172">
    <system-out>
      <![CDATA[Test Case Passed]]>
    </system-out>
  </testcase> <!-- proceedForMobileNo -->
  <system-out>
    <![CDATA[Test Case Passed
Test Case Passed
Test Case Passed
Test Case Passed]]>
  </system-out>
</testsuite> <!-- tests.EnterMobile -->
