<?xml version="1.0" encoding="UTF-8"?>
<!-- Generated by org.testng.reporters.JUnitReportReporter -->
<testsuite hostname="DESKTOP-QU276DO" failures="0" tests="1" name="tests.ProceedToCheckout" time="29.333" errors="0" timestamp="2025-09-30T00:02:27 IST" skipped="0">
  <testcase classname="tests.ProceedToCheckout" name="proceedCheckout" time="29.333">
    <system-out>
      <![CDATA[Test Case Passed]]>
    </system-out>
  </testcase> <!-- proceedCheckout -->
  <system-out>
    <![CDATA[Test Case Passed
Test Case Passed
Test Case Passed
Test Case Passed]]>
  </system-out>
</testsuite> <!-- tests.ProceedToCheckout -->
