<?xml version="1.0" encoding="UTF-8"?>
<!-- Generated by org.testng.reporters.JUnitReportReporter -->
<testsuite hostname="DESKTOP-QU276DO" failures="0" tests="1" name="tests.EnterPin" time="26.539" errors="0" timestamp="2025-10-04T02:35:34 IST" skipped="0">
  <testcase classname="tests.EnterPin" name="enterPinMethod" time="26.539">
    <system-out>
      <![CDATA[Test Case Passed]]>
    </system-out>
  </testcase> <!-- enterPinMethod -->
  <system-out>
    <![CDATA[Test Case Passed
Test Case Passed
Test Case Passed
Test Case Passed]]>
  </system-out>
</testsuite> <!-- tests.EnterPin -->
